


05/10/2018 11:00:14 [LERROR] MysqlCon.vb::758 - Error con excepción
	Procedure or function '`SEL_IMPRESORA`' cannot be found in database '`bdferia`'.
	MySql.Data.MySqlClient.MySqlException (0x80004005): Procedure or function '`SEL_IMPRESORA`' cannot be found in database '`bdferia`'.
   en MySql.Data.MySqlClient.ProcedureCache.GetProcData(MySqlConnection connection, String spName)
   en MySql.Data.MySqlClient.ProcedureCache.AddNew(MySqlConnection connection, String spName)
   en MySql.Data.MySqlClient.ProcedureCache.GetProcedure(MySqlConnection conn, String spName, String cacheKey)
   en MySql.Data.MySqlClient.StoredProcedure.CheckParameters(String spName)
   en MySql.Data.MySqlClient.StoredProcedure.Resolve(Boolean preparing)
   en MySql.Data.MySqlClient.MySqlCommand.ExecuteReader(CommandBehavior behavior)
   en Facturacion_Esteban.MysqlCon.SEL_IMPRESORA(String& p_impresoraTermica, String& p_impresoraMatriz, Boolean& p_usarImpresoraTermica, Int32& p_ImprimeLinea) en D:\Documents\Proyecto Douglas\Facturacion Esteban\Facturacion Esteban\Modulos\MysqlCon.vb:línea 758



05/10/2018 11:00:18 [LERROR] FrTiquete.vb::15 - Error con excepción
	Se necesita un número no negativo.
Nombre del parámetro: totalWidth
	GERARDO ALBERTO MORA SOLANO
Cedula
106650368
Telefono
2771-7201
Dist.mercadito@gmail.com
MERCADO MUNICIPAL. TRAMO NO. 74. FRENTE AL ABASTECEDOR ARIEL.
Factura Electronica No.  175
***Reimpresion***
Contado
Clave:
50605101800010665036800100001010000000175153348965
Cons:
00100001010000000175
Fecha:
05/10/2018
Hora:
08:02 AM
Atiende:
- -
Nombre
CLIENTE CONTADO
Cedula
 
Cant
Descripcion
Total
0.5
BOLSA TTE 8X12
884.96
Sub Total
884.96
Descuento
0.00
I.V.
115.04
Imp. Servicios
0.00
Total
1,000.00
Colones
 
 
Detalle de Pago
Monto
Tipo Pago
Detalle
1,000.00
Efectivo
 
************************************* 
Autorizada mediante resolucion No.
DGT-R-48-2016 del 7 de octubre de 2016.
************************************* 
 
 

	System.ArgumentOutOfRangeException: Se necesita un número no negativo.
Nombre del parámetro: totalWidth
   en System.String.PadHelper(Int32 totalWidth, Char paddingChar, Boolean isRightPadded)
   en Facturacion_Esteban.ImprimeFacturaMatriz.PrintTiqueteElectonicoMatriz(TextBox linea1) en D:\Documents\Proyecto Douglas\Facturacion Esteban\Facturacion Esteban\Modulos\ImprimeFacturaMatriz.vb:línea 102
   en Facturacion_Esteban.FrTiquete.ImprimirFacturaElectronica() en D:\Documents\Proyecto Douglas\Facturacion Esteban\Facturacion Esteban\Formularios\FrTiquete.vb:línea 108
   en Facturacion_Esteban.FrTiquete.btnImprimir_Click(Object sender, EventArgs e) en D:\Documents\Proyecto Douglas\Facturacion Esteban\Facturacion Esteban\Formularios\FrTiquete.vb:línea 15



05/10/2018 11:00:24 [LERROR] FrTiquete.vb::15 - Error con excepción
	Se necesita un número no negativo.
Nombre del parámetro: totalWidth
	GERARDO ALBERTO MORA SOLANO
Cedula
106650368
Telefono
2771-7201
Dist.mercadito@gmail.com
MERCADO MUNICIPAL. TRAMO NO. 74. FRENTE AL ABASTECEDOR ARIEL.
Factura Electronica No.  175
***Reimpresion***
Contado
Clave:
50605101800010665036800100001010000000175153348965
Cons:
00100001010000000175
Fecha:
05/10/2018
Hora:
08:02 AM
Atiende:
- -
Nombre
CLIENTE CONTADO
Cedula
 
Cant
Descripcion
Total
0.5
BOLSA TTE 8X12
884.96
Sub Total
884.96
Descuento
0.00
I.V.
115.04
Imp. Servicios
0.00
Total
1,000.00
Colones
 
 
Detalle de Pago
Monto
Tipo Pago
Detalle
1,000.00
Efectivo
 
************************************* 
Autorizada mediante resolucion No.
DGT-R-48-2016 del 7 de octubre de 2016.
************************************* 
 
 

	System.ArgumentOutOfRangeException: Se necesita un número no negativo.
Nombre del parámetro: totalWidth
   en System.String.PadHelper(Int32 totalWidth, Char paddingChar, Boolean isRightPadded)
   en Facturacion_Esteban.ImprimeFacturaMatriz.PrintTiqueteElectonicoMatriz(TextBox linea1) en D:\Documents\Proyecto Douglas\Facturacion Esteban\Facturacion Esteban\Modulos\ImprimeFacturaMatriz.vb:línea 102
   en Facturacion_Esteban.FrTiquete.ImprimirFacturaElectronica() en D:\Documents\Proyecto Douglas\Facturacion Esteban\Facturacion Esteban\Formularios\FrTiquete.vb:línea 108
   en Facturacion_Esteban.FrTiquete.btnImprimir_Click(Object sender, EventArgs e) en D:\Documents\Proyecto Douglas\Facturacion Esteban\Facturacion Esteban\Formularios\FrTiquete.vb:línea 15



05/10/2018 11:02:02 [LERROR] MysqlCon.vb::758 - Error con excepción
	Procedure or function '`SEL_IMPRESORA`' cannot be found in database '`bdferia`'.
	MySql.Data.MySqlClient.MySqlException (0x80004005): Procedure or function '`SEL_IMPRESORA`' cannot be found in database '`bdferia`'.
   en MySql.Data.MySqlClient.ProcedureCache.GetProcData(MySqlConnection connection, String spName)
   en MySql.Data.MySqlClient.ProcedureCache.AddNew(MySqlConnection connection, String spName)
   en MySql.Data.MySqlClient.ProcedureCache.GetProcedure(MySqlConnection conn, String spName, String cacheKey)
   en MySql.Data.MySqlClient.StoredProcedure.CheckParameters(String spName)
   en MySql.Data.MySqlClient.StoredProcedure.Resolve(Boolean preparing)
   en MySql.Data.MySqlClient.MySqlCommand.ExecuteReader(CommandBehavior behavior)
   en Facturacion_Esteban.MysqlCon.SEL_IMPRESORA(String& p_impresoraTermica, String& p_impresoraMatriz, Boolean& p_usarImpresoraTermica, Int32& p_ImprimeLinea) en D:\Documents\Proyecto Douglas\Facturacion Esteban\Facturacion Esteban\Modulos\MysqlCon.vb:línea 758



05/10/2018 11:06:09 [LERROR] MysqlCon.vb::758 - Error con excepción
	Procedure or function '`SEL_IMPRESORA`' cannot be found in database '`bdferia`'.
	MySql.Data.MySqlClient.MySqlException (0x80004005): Procedure or function '`SEL_IMPRESORA`' cannot be found in database '`bdferia`'.
   en MySql.Data.MySqlClient.ProcedureCache.GetProcData(MySqlConnection connection, String spName)
   en MySql.Data.MySqlClient.ProcedureCache.AddNew(MySqlConnection connection, String spName)
   en MySql.Data.MySqlClient.ProcedureCache.GetProcedure(MySqlConnection conn, String spName, String cacheKey)
   en MySql.Data.MySqlClient.StoredProcedure.CheckParameters(String spName)
   en MySql.Data.MySqlClient.StoredProcedure.Resolve(Boolean preparing)
   en MySql.Data.MySqlClient.MySqlCommand.ExecuteReader(CommandBehavior behavior)
   en Facturacion_Esteban.MysqlCon.SEL_IMPRESORA(String& p_impresoraTermica, String& p_impresoraMatriz, Boolean& p_usarImpresoraTermica, Int32& p_ImprimeLinea) en D:\Documents\Proyecto Douglas\Facturacion Esteban\Facturacion Esteban\Modulos\MysqlCon.vb:línea 758



05/10/2018 11:06:48 [LERROR] FrTiquete.vb::15 - Error con excepción
	La conversión de la cadena "1,000,00" en el tipo 'Double' no es válida.
	GERARDO ALBERTO MORA SOLANO
Cedula
106650368
Telefono
2771-7201
Dist.mercadito@gmail.com
MERCADO MUNICIPAL. TRAMO NO. 74. FRENTE AL ABASTECEDOR ARIEL.
Factura Electronica No.  175
***Reimpresion***
Contado
Clave:
50605101800010665036800100001010000000175153348965
Cons:
00100001010000000175
Fecha:
05/10/2018
Hora:
08:02 AM
Atiende:
- -
Nombre
CLIENTE CONTADO
Cedula
 
Cant
Descripcion
Total
1,000.00
BOLSA TTE 8X12
884.96
Sub Total
884.96
Descuento
0.00
I.V.
115.04
Imp. Servicios
0.00
Total
1,000.00
Colones
 
 
Detalle de Pago
Monto
Tipo Pago
Detalle
1,000.00
Efectivo
 
************************************* 
Autorizada mediante resolucion No.
DGT-R-48-2016 del 7 de octubre de 2016.
************************************* 
 
 

	System.InvalidCastException: La conversión de la cadena "1,000,00" en el tipo 'Double' no es válida. ---> System.FormatException: La cadena de entrada no tiene el formato correcto.
   en System.Number.ParseDouble(String value, NumberStyles options, NumberFormatInfo numfmt)
   en System.Double.Parse(String s, NumberStyles style, IFormatProvider provider)
   en Microsoft.VisualBasic.CompilerServices.Conversions.ParseDouble(String Value, NumberFormatInfo NumberFormat)
   en Microsoft.VisualBasic.CompilerServices.Conversions.ToDouble(String Value, NumberFormatInfo NumberFormat)
   --- Fin del seguimiento de la pila de la excepción interna ---
   en Microsoft.VisualBasic.CompilerServices.Conversions.ToDouble(String Value, NumberFormatInfo NumberFormat)
   en Facturacion_Esteban.ImprimeFacturaMatriz.PrintTiqueteDetallesMatriz(String p_cantidad, String p_descripcion, String p_subtotal) en D:\Documents\Proyecto Douglas\Facturacion Esteban\Facturacion Esteban\Modulos\ImprimeFacturaMatriz.vb:línea 280
   en Facturacion_Esteban.ImprimeFacturaMatriz.PrintTiqueteElectonicoMatriz(TextBox linea1) en D:\Documents\Proyecto Douglas\Facturacion Esteban\Facturacion Esteban\Modulos\ImprimeFacturaMatriz.vb:línea 185
   en Facturacion_Esteban.FrTiquete.ImprimirFacturaElectronica() en D:\Documents\Proyecto Douglas\Facturacion Esteban\Facturacion Esteban\Formularios\FrTiquete.vb:línea 108
   en Facturacion_Esteban.FrTiquete.btnImprimir_Click(Object sender, EventArgs e) en D:\Documents\Proyecto Douglas\Facturacion Esteban\Facturacion Esteban\Formularios\FrTiquete.vb:línea 15



05/10/2018 11:06:52 [LERROR] FrTiquete.vb::15 - Error con excepción
	La conversión de la cadena "1,000,00" en el tipo 'Double' no es válida.
	GERARDO ALBERTO MORA SOLANO
Cedula
106650368
Telefono
2771-7201
Dist.mercadito@gmail.com
MERCADO MUNICIPAL. TRAMO NO. 74. FRENTE AL ABASTECEDOR ARIEL.
Factura Electronica No.  175
***Reimpresion***
Contado
Clave:
50605101800010665036800100001010000000175153348965
Cons:
00100001010000000175
Fecha:
05/10/2018
Hora:
08:02 AM
Atiende:
- -
Nombre
CLIENTE CONTADO
Cedula
 
Cant
Descripcion
Total
1,000.00
BOLSA TTE 8X12
884.96
Sub Total
884.96
Descuento
0.00
I.V.
115.04
Imp. Servicios
0.00
Total
1,000.00
Colones
 
 
Detalle de Pago
Monto
Tipo Pago
Detalle
1,000.00
Efectivo
 
************************************* 
Autorizada mediante resolucion No.
DGT-R-48-2016 del 7 de octubre de 2016.
************************************* 
 
 

	System.InvalidCastException: La conversión de la cadena "1,000,00" en el tipo 'Double' no es válida. ---> System.FormatException: La cadena de entrada no tiene el formato correcto.
   en System.Number.ParseDouble(String value, NumberStyles options, NumberFormatInfo numfmt)
   en System.Double.Parse(String s, NumberStyles style, IFormatProvider provider)
   en Microsoft.VisualBasic.CompilerServices.Conversions.ParseDouble(String Value, NumberFormatInfo NumberFormat)
   en Microsoft.VisualBasic.CompilerServices.Conversions.ToDouble(String Value, NumberFormatInfo NumberFormat)
   --- Fin del seguimiento de la pila de la excepción interna ---
   en Microsoft.VisualBasic.CompilerServices.Conversions.ToDouble(String Value, NumberFormatInfo NumberFormat)
   en Facturacion_Esteban.ImprimeFacturaMatriz.PrintTiqueteDetallesMatriz(String p_cantidad, String p_descripcion, String p_subtotal) en D:\Documents\Proyecto Douglas\Facturacion Esteban\Facturacion Esteban\Modulos\ImprimeFacturaMatriz.vb:línea 280
   en Facturacion_Esteban.ImprimeFacturaMatriz.PrintTiqueteElectonicoMatriz(TextBox linea1) en D:\Documents\Proyecto Douglas\Facturacion Esteban\Facturacion Esteban\Modulos\ImprimeFacturaMatriz.vb:línea 185
   en Facturacion_Esteban.FrTiquete.ImprimirFacturaElectronica() en D:\Documents\Proyecto Douglas\Facturacion Esteban\Facturacion Esteban\Formularios\FrTiquete.vb:línea 108
   en Facturacion_Esteban.FrTiquete.btnImprimir_Click(Object sender, EventArgs e) en D:\Documents\Proyecto Douglas\Facturacion Esteban\Facturacion Esteban\Formularios\FrTiquete.vb:línea 15



05/10/2018 11:07:52 [LERROR] FrTiquete.vb::15 - Error con excepción
	La conversión de la cadena "1,592,92" en el tipo 'Double' no es válida.
		 GERARDO ALBERTO MORA SOLANO
Cedula
106650368
Telefono
27713556
Dist.mercadito@gmail.com
FERIA DEL AGRICULTOR, SAN ISIDRO PZ
Factura Electronica No.  164
 
Contado
Clave:
50604101800010665036800300001010000000164113704997
Cons:
00300001010000000164
Fecha:
04/10/2018
Hora:
03:52 PM
Atiende:
- -
Nombre
CLIENTE CONTADO
Cedula
 
Cant
Descripcion
Total
1,592.92
VASOS 1 OZ (200 UNID)
1,769.91
2
VASOS BOSCO #8
1,592.92
2
PALILLOS DE DIENTES SIN FORRO
575.22
1
PLATOS FOAM #8
398.23
1
CUCHARAS
221.24
Sub Total
4,557.52
Descuento
0.00
I.V.
592.48
Imp. Servicios
0.00
Total
5,150.00
Colones
 
 
Detalle de Pago
Monto
Tipo Pago
Detalle
5,150.00
Efectivo
 
************************************* 
Autorizada mediante resolucion No.
DGT-R-48-2016 del 7 de octubre de 2016.
************************************* 
 
	System.InvalidCastException: La conversión de la cadena "1,592,92" en el tipo 'Double' no es válida. ---> System.FormatException: La cadena de entrada no tiene el formato correcto.
   en System.Number.ParseDouble(String value, NumberStyles options, NumberFormatInfo numfmt)
   en System.Double.Parse(String s, NumberStyles style, IFormatProvider provider)
   en Microsoft.VisualBasic.CompilerServices.Conversions.ParseDouble(String Value, NumberFormatInfo NumberFormat)
   en Microsoft.VisualBasic.CompilerServices.Conversions.ToDouble(String Value, NumberFormatInfo NumberFormat)
   --- Fin del seguimiento de la pila de la excepción interna ---
   en Microsoft.VisualBasic.CompilerServices.Conversions.ToDouble(String Value, NumberFormatInfo NumberFormat)
   en Facturacion_Esteban.ImprimeFacturaMatriz.PrintTiqueteDetallesMatriz(String p_cantidad, String p_descripcion, String p_subtotal) en D:\Documents\Proyecto Douglas\Facturacion Esteban\Facturacion Esteban\Modulos\ImprimeFacturaMatriz.vb:línea 280
   en Facturacion_Esteban.ImprimeFacturaMatriz.PrintTiqueteElectonicoMatriz(TextBox linea1) en D:\Documents\Proyecto Douglas\Facturacion Esteban\Facturacion Esteban\Modulos\ImprimeFacturaMatriz.vb:línea 185
   en Facturacion_Esteban.FrTiquete.ImprimirFacturaElectronica() en D:\Documents\Proyecto Douglas\Facturacion Esteban\Facturacion Esteban\Formularios\FrTiquete.vb:línea 108
   en Facturacion_Esteban.FrTiquete.btnImprimir_Click(Object sender, EventArgs e) en D:\Documents\Proyecto Douglas\Facturacion Esteban\Facturacion Esteban\Formularios\FrTiquete.vb:línea 15



05/10/2018 11:09:25 [LERROR] MysqlCon.vb::758 - Error con excepción
	Procedure or function '`SEL_IMPRESORA`' cannot be found in database '`bdferia`'.
	MySql.Data.MySqlClient.MySqlException (0x80004005): Procedure or function '`SEL_IMPRESORA`' cannot be found in database '`bdferia`'.
   en MySql.Data.MySqlClient.ProcedureCache.GetProcData(MySqlConnection connection, String spName)
   en MySql.Data.MySqlClient.ProcedureCache.AddNew(MySqlConnection connection, String spName)
   en MySql.Data.MySqlClient.ProcedureCache.GetProcedure(MySqlConnection conn, String spName, String cacheKey)
   en MySql.Data.MySqlClient.StoredProcedure.CheckParameters(String spName)
   en MySql.Data.MySqlClient.StoredProcedure.Resolve(Boolean preparing)
   en MySql.Data.MySqlClient.MySqlCommand.ExecuteReader(CommandBehavior behavior)
   en Facturacion_Esteban.MysqlCon.SEL_IMPRESORA(String& p_impresoraTermica, String& p_impresoraMatriz, Boolean& p_usarImpresoraTermica, Int32& p_ImprimeLinea) en D:\Documents\Proyecto Douglas\Facturacion Esteban\Facturacion Esteban\Modulos\MysqlCon.vb:línea 758
