


06/02/2020 11:53:15 [LERROR] MysqlCon.vb::1265 - Error con excepción
	Unable to connect to any of the specified MySQL hosts.
	MySql.Data.MySqlClient.MySqlException (0x80004005): Unable to connect to any of the specified MySQL hosts.
   at MySql.Data.MySqlClient.NativeDriver.Open()
   at MySql.Data.MySqlClient.Driver.Open()
   at MySql.Data.MySqlClient.Driver.Create(MySqlConnectionStringBuilder settings)
   at MySql.Data.MySqlClient.MySqlPool.CreateNewPooledConnection()
   at MySql.Data.MySqlClient.MySqlPool.GetPooledConnection()
   at MySql.Data.MySqlClient.MySqlPool.TryToGetDriver()
   at MySql.Data.MySqlClient.MySqlPool.GetConnection()
   at MySql.Data.MySqlClient.MySqlConnection.Open()
   at Facturacion_Esteban.MysqlCon.SEL_CONFIG_FACTURA(String& p_nombre_empresa, String& p_numero_factura, Boolean& p_usar_impresora_termica, Boolean& p_usar_precios_anteriores, String& p_cabecera_1, String& p_cabecera_2, String& p_cabecera_3, String& p_cabecera_4, String& p_cabecera_5, String& p_cabecera_6, String& p_pie_factura, String& p_impresora_matriz, String& p_impresora_termica, Boolean& p_usar_barcode, String& p_email, String& p_contrasena) in D:\Documents\Proyecto Douglas\Facturacion Esteban\Facturacion Esteban\Modulos\MysqlCon.vb:line 1265



06/02/2020 11:55:09 [LERROR] MysqlCon.vb::1276 - Error con excepción
	Unable to connect to any of the specified MySQL hosts.
	MySql.Data.MySqlClient.MySqlException (0x80004005): Unable to connect to any of the specified MySQL hosts.
   at MySql.Data.MySqlClient.NativeDriver.Open()
   at MySql.Data.MySqlClient.Driver.Open()
   at MySql.Data.MySqlClient.Driver.Create(MySqlConnectionStringBuilder settings)
   at MySql.Data.MySqlClient.MySqlPool.CreateNewPooledConnection()
   at MySql.Data.MySqlClient.MySqlPool.GetPooledConnection()
   at MySql.Data.MySqlClient.MySqlPool.TryToGetDriver()
   at MySql.Data.MySqlClient.MySqlPool.GetConnection()
   at MySql.Data.MySqlClient.MySqlConnection.Open()
   at Facturacion_Esteban.MysqlCon.SEL_CONFIG_FACTURA(String& p_nombre_empresa, String& p_numero_factura, Boolean& p_usar_impresora_termica, Boolean& p_usar_precios_anteriores, String& p_cabecera_1, String& p_cabecera_2, String& p_cabecera_3, String& p_cabecera_4, String& p_cabecera_5, String& p_cabecera_6, String& p_pie_factura, String& p_impresora_matriz, String& p_impresora_termica, Boolean& p_usar_barcode, String& p_email, String& p_contrasena) in D:\Documents\Proyecto Douglas\Facturacion Esteban\Facturacion Esteban\Modulos\MysqlCon.vb:line 1276
