


31/01/2020 07:02:53 [LERROR] MysqlCon.vb::1265 - Error con excepción
	Unable to connect to any of the specified MySQL hosts.
	MySql.Data.MySqlClient.MySqlException (0x80004005): Unable to connect to any of the specified MySQL hosts. ---> System.Net.Sockets.SocketException (0x80004005): A socket operation was attempted to an unreachable host 186.159.230.229:3306
   at System.Net.Sockets.Socket.InternalEndConnect(IAsyncResult asyncResult)
   at System.Net.Sockets.Socket.EndConnect(IAsyncResult asyncResult)
   at MySql.Data.Common.MyNetworkStream.CreateSocketStream(MySqlConnectionStringBuilder settings, IPAddress ip, Boolean unix)
   at MySql.Data.Common.MyNetworkStream.CreateStream(MySqlConnectionStringBuilder settings, Boolean unix)
   at MySql.Data.Common.StreamCreator.GetStream(MySqlConnectionStringBuilder settings)
   at MySql.Data.MySqlClient.NativeDriver.Open()
   at MySql.Data.MySqlClient.NativeDriver.Open()
   at MySql.Data.MySqlClient.Driver.Open()
   at MySql.Data.MySqlClient.Driver.Create(MySqlConnectionStringBuilder settings)
   at MySql.Data.MySqlClient.MySqlPool.CreateNewPooledConnection()
   at MySql.Data.MySqlClient.MySqlPool.GetPooledConnection()
   at MySql.Data.MySqlClient.MySqlPool.TryToGetDriver()
   at MySql.Data.MySqlClient.MySqlPool.GetConnection()
   at MySql.Data.MySqlClient.MySqlConnection.Open()
   at Facturacion_Esteban.MysqlCon.SEL_CONFIG_FACTURA(String& p_nombre_empresa, String& p_numero_factura, Boolean& p_usar_impresora_termica, Boolean& p_usar_precios_anteriores, String& p_cabecera_1, String& p_cabecera_2, String& p_cabecera_3, String& p_cabecera_4, String& p_cabecera_5, String& p_cabecera_6, String& p_pie_factura, String& p_impresora_matriz, String& p_impresora_termica, Boolean& p_usar_barcode, String& p_email, String& p_contrasena) in D:\Documents\Proyecto Douglas\Facturacion Esteban\Facturacion Esteban\Modulos\MysqlCon.vb:line 1265



31/01/2020 20:24:37 [LERROR] MysqlCon.vb::600 - Error con excepción
	Unable to connect to any of the specified MySQL hosts.
	MySql.Data.MySqlClient.MySqlException (0x80004005): Unable to connect to any of the specified MySQL hosts.
   at MySql.Data.MySqlClient.NativeDriver.Open()
   at MySql.Data.MySqlClient.Driver.Open()
   at MySql.Data.MySqlClient.Driver.Create(MySqlConnectionStringBuilder settings)
   at MySql.Data.MySqlClient.MySqlPool.CreateNewPooledConnection()
   at MySql.Data.MySqlClient.MySqlPool.GetPooledConnection()
   at MySql.Data.MySqlClient.MySqlPool.TryToGetDriver()
   at MySql.Data.MySqlClient.MySqlPool.GetConnection()
   at MySql.Data.MySqlClient.MySqlConnection.Open()
   at Facturacion_Esteban.MysqlCon.SEL_CUENTA_PEDIDOS_PENDIENTES(Int32& p_cantidad) in D:\Documents\Proyecto Douglas\Facturacion Esteban\Facturacion Esteban\Modulos\MysqlCon.vb:line 600



31/01/2020 20:24:38 [LERROR] MysqlCon.vb::600 - Error con excepción
	Unable to connect to any of the specified MySQL hosts.
	MySql.Data.MySqlClient.MySqlException (0x80004005): Unable to connect to any of the specified MySQL hosts.
   at MySql.Data.MySqlClient.NativeDriver.Open()
   at MySql.Data.MySqlClient.Driver.Open()
   at MySql.Data.MySqlClient.Driver.Create(MySqlConnectionStringBuilder settings)
   at MySql.Data.MySqlClient.MySqlPool.CreateNewPooledConnection()
   at MySql.Data.MySqlClient.MySqlPool.GetPooledConnection()
   at MySql.Data.MySqlClient.MySqlPool.TryToGetDriver()
   at MySql.Data.MySqlClient.MySqlPool.GetConnection()
   at MySql.Data.MySqlClient.MySqlConnection.Open()
   at Facturacion_Esteban.MysqlCon.SEL_CUENTA_PEDIDOS_PENDIENTES(Int32& p_cantidad) in D:\Documents\Proyecto Douglas\Facturacion Esteban\Facturacion Esteban\Modulos\MysqlCon.vb:line 600



31/01/2020 20:24:38 [LERROR] MysqlCon.vb::600 - Error con excepción
	Unable to connect to any of the specified MySQL hosts.
	MySql.Data.MySqlClient.MySqlException (0x80004005): Unable to connect to any of the specified MySQL hosts.
   at MySql.Data.MySqlClient.NativeDriver.Open()
   at MySql.Data.MySqlClient.Driver.Open()
   at MySql.Data.MySqlClient.Driver.Create(MySqlConnectionStringBuilder settings)
   at MySql.Data.MySqlClient.MySqlPool.CreateNewPooledConnection()
   at MySql.Data.MySqlClient.MySqlPool.GetPooledConnection()
   at MySql.Data.MySqlClient.MySqlPool.TryToGetDriver()
   at MySql.Data.MySqlClient.MySqlPool.GetConnection()
   at MySql.Data.MySqlClient.MySqlConnection.Open()
   at Facturacion_Esteban.MysqlCon.SEL_CUENTA_PEDIDOS_PENDIENTES(Int32& p_cantidad) in D:\Documents\Proyecto Douglas\Facturacion Esteban\Facturacion Esteban\Modulos\MysqlCon.vb:line 600



31/01/2020 20:24:39 [LERROR] MysqlCon.vb::600 - Error con excepción
	Unable to connect to any of the specified MySQL hosts.
	MySql.Data.MySqlClient.MySqlException (0x80004005): Unable to connect to any of the specified MySQL hosts.
   at MySql.Data.MySqlClient.NativeDriver.Open()
   at MySql.Data.MySqlClient.Driver.Open()
   at MySql.Data.MySqlClient.Driver.Create(MySqlConnectionStringBuilder settings)
   at MySql.Data.MySqlClient.MySqlPool.CreateNewPooledConnection()
   at MySql.Data.MySqlClient.MySqlPool.GetPooledConnection()
   at MySql.Data.MySqlClient.MySqlPool.TryToGetDriver()
   at MySql.Data.MySqlClient.MySqlPool.GetConnection()
   at MySql.Data.MySqlClient.MySqlConnection.Open()
   at Facturacion_Esteban.MysqlCon.SEL_CUENTA_PEDIDOS_PENDIENTES(Int32& p_cantidad) in D:\Documents\Proyecto Douglas\Facturacion Esteban\Facturacion Esteban\Modulos\MysqlCon.vb:line 600



31/01/2020 20:24:41 [LERROR] MysqlCon.vb::600 - Error con excepción
	Unable to connect to any of the specified MySQL hosts.
	MySql.Data.MySqlClient.MySqlException (0x80004005): Unable to connect to any of the specified MySQL hosts.
   at MySql.Data.MySqlClient.NativeDriver.Open()
   at MySql.Data.MySqlClient.Driver.Open()
   at MySql.Data.MySqlClient.Driver.Create(MySqlConnectionStringBuilder settings)
   at MySql.Data.MySqlClient.MySqlPool.CreateNewPooledConnection()
   at MySql.Data.MySqlClient.MySqlPool.GetPooledConnection()
   at MySql.Data.MySqlClient.MySqlPool.TryToGetDriver()
   at MySql.Data.MySqlClient.MySqlPool.GetConnection()
   at MySql.Data.MySqlClient.MySqlConnection.Open()
   at Facturacion_Esteban.MysqlCon.SEL_CUENTA_PEDIDOS_PENDIENTES(Int32& p_cantidad) in D:\Documents\Proyecto Douglas\Facturacion Esteban\Facturacion Esteban\Modulos\MysqlCon.vb:line 600



31/01/2020 20:24:41 [LERROR] MysqlCon.vb::600 - Error con excepción
	Unable to connect to any of the specified MySQL hosts.
	MySql.Data.MySqlClient.MySqlException (0x80004005): Unable to connect to any of the specified MySQL hosts.
   at MySql.Data.MySqlClient.NativeDriver.Open()
   at MySql.Data.MySqlClient.Driver.Open()
   at MySql.Data.MySqlClient.Driver.Create(MySqlConnectionStringBuilder settings)
   at MySql.Data.MySqlClient.MySqlPool.CreateNewPooledConnection()
   at MySql.Data.MySqlClient.MySqlPool.GetPooledConnection()
   at MySql.Data.MySqlClient.MySqlPool.TryToGetDriver()
   at MySql.Data.MySqlClient.MySqlPool.GetConnection()
   at MySql.Data.MySqlClient.MySqlConnection.Open()
   at Facturacion_Esteban.MysqlCon.SEL_CUENTA_PEDIDOS_PENDIENTES(Int32& p_cantidad) in D:\Documents\Proyecto Douglas\Facturacion Esteban\Facturacion Esteban\Modulos\MysqlCon.vb:line 600



31/01/2020 20:24:42 [LERROR] MysqlCon.vb::600 - Error con excepción
	Unable to connect to any of the specified MySQL hosts.
	MySql.Data.MySqlClient.MySqlException (0x80004005): Unable to connect to any of the specified MySQL hosts.
   at MySql.Data.MySqlClient.NativeDriver.Open()
   at MySql.Data.MySqlClient.Driver.Open()
   at MySql.Data.MySqlClient.Driver.Create(MySqlConnectionStringBuilder settings)
   at MySql.Data.MySqlClient.MySqlPool.CreateNewPooledConnection()
   at MySql.Data.MySqlClient.MySqlPool.GetPooledConnection()
   at MySql.Data.MySqlClient.MySqlPool.TryToGetDriver()
   at MySql.Data.MySqlClient.MySqlPool.GetConnection()
   at MySql.Data.MySqlClient.MySqlConnection.Open()
   at Facturacion_Esteban.MysqlCon.SEL_CUENTA_PEDIDOS_PENDIENTES(Int32& p_cantidad) in D:\Documents\Proyecto Douglas\Facturacion Esteban\Facturacion Esteban\Modulos\MysqlCon.vb:line 600



31/01/2020 20:24:43 [LERROR] MysqlCon.vb::600 - Error con excepción
	Unable to connect to any of the specified MySQL hosts.
	MySql.Data.MySqlClient.MySqlException (0x80004005): Unable to connect to any of the specified MySQL hosts.
   at MySql.Data.MySqlClient.NativeDriver.Open()
   at MySql.Data.MySqlClient.Driver.Open()
   at MySql.Data.MySqlClient.Driver.Create(MySqlConnectionStringBuilder settings)
   at MySql.Data.MySqlClient.MySqlPool.CreateNewPooledConnection()
   at MySql.Data.MySqlClient.MySqlPool.GetPooledConnection()
   at MySql.Data.MySqlClient.MySqlPool.TryToGetDriver()
   at MySql.Data.MySqlClient.MySqlPool.GetConnection()
   at MySql.Data.MySqlClient.MySqlConnection.Open()
   at Facturacion_Esteban.MysqlCon.SEL_CUENTA_PEDIDOS_PENDIENTES(Int32& p_cantidad) in D:\Documents\Proyecto Douglas\Facturacion Esteban\Facturacion Esteban\Modulos\MysqlCon.vb:line 600



31/01/2020 20:24:43 [LERROR] MysqlCon.vb::600 - Error con excepción
	Unable to connect to any of the specified MySQL hosts.
	MySql.Data.MySqlClient.MySqlException (0x80004005): Unable to connect to any of the specified MySQL hosts.
   at MySql.Data.MySqlClient.NativeDriver.Open()
   at MySql.Data.MySqlClient.Driver.Open()
   at MySql.Data.MySqlClient.Driver.Create(MySqlConnectionStringBuilder settings)
   at MySql.Data.MySqlClient.MySqlPool.CreateNewPooledConnection()
   at MySql.Data.MySqlClient.MySqlPool.GetPooledConnection()
   at MySql.Data.MySqlClient.MySqlPool.TryToGetDriver()
   at MySql.Data.MySqlClient.MySqlPool.GetConnection()
   at MySql.Data.MySqlClient.MySqlConnection.Open()
   at Facturacion_Esteban.MysqlCon.SEL_CUENTA_PEDIDOS_PENDIENTES(Int32& p_cantidad) in D:\Documents\Proyecto Douglas\Facturacion Esteban\Facturacion Esteban\Modulos\MysqlCon.vb:line 600



31/01/2020 20:24:44 [LERROR] MysqlCon.vb::600 - Error con excepción
	Unable to connect to any of the specified MySQL hosts.
	MySql.Data.MySqlClient.MySqlException (0x80004005): Unable to connect to any of the specified MySQL hosts.
   at MySql.Data.MySqlClient.NativeDriver.Open()
   at MySql.Data.MySqlClient.Driver.Open()
   at MySql.Data.MySqlClient.Driver.Create(MySqlConnectionStringBuilder settings)
   at MySql.Data.MySqlClient.MySqlPool.CreateNewPooledConnection()
   at MySql.Data.MySqlClient.MySqlPool.GetPooledConnection()
   at MySql.Data.MySqlClient.MySqlPool.TryToGetDriver()
   at MySql.Data.MySqlClient.MySqlPool.GetConnection()
   at MySql.Data.MySqlClient.MySqlConnection.Open()
   at Facturacion_Esteban.MysqlCon.SEL_CUENTA_PEDIDOS_PENDIENTES(Int32& p_cantidad) in D:\Documents\Proyecto Douglas\Facturacion Esteban\Facturacion Esteban\Modulos\MysqlCon.vb:line 600



31/01/2020 20:24:44 [LERROR] MysqlCon.vb::600 - Error con excepción
	Unable to connect to any of the specified MySQL hosts.
	MySql.Data.MySqlClient.MySqlException (0x80004005): Unable to connect to any of the specified MySQL hosts.
   at MySql.Data.MySqlClient.NativeDriver.Open()
   at MySql.Data.MySqlClient.Driver.Open()
   at MySql.Data.MySqlClient.Driver.Create(MySqlConnectionStringBuilder settings)
   at MySql.Data.MySqlClient.MySqlPool.CreateNewPooledConnection()
   at MySql.Data.MySqlClient.MySqlPool.GetPooledConnection()
   at MySql.Data.MySqlClient.MySqlPool.TryToGetDriver()
   at MySql.Data.MySqlClient.MySqlPool.GetConnection()
   at MySql.Data.MySqlClient.MySqlConnection.Open()
   at Facturacion_Esteban.MysqlCon.SEL_CUENTA_PEDIDOS_PENDIENTES(Int32& p_cantidad) in D:\Documents\Proyecto Douglas\Facturacion Esteban\Facturacion Esteban\Modulos\MysqlCon.vb:line 600



31/01/2020 20:24:45 [LERROR] MysqlCon.vb::600 - Error con excepción
	Unable to connect to any of the specified MySQL hosts.
	MySql.Data.MySqlClient.MySqlException (0x80004005): Unable to connect to any of the specified MySQL hosts.
   at MySql.Data.MySqlClient.NativeDriver.Open()
   at MySql.Data.MySqlClient.Driver.Open()
   at MySql.Data.MySqlClient.Driver.Create(MySqlConnectionStringBuilder settings)
   at MySql.Data.MySqlClient.MySqlPool.CreateNewPooledConnection()
   at MySql.Data.MySqlClient.MySqlPool.GetPooledConnection()
   at MySql.Data.MySqlClient.MySqlPool.TryToGetDriver()
   at MySql.Data.MySqlClient.MySqlPool.GetConnection()
   at MySql.Data.MySqlClient.MySqlConnection.Open()
   at Facturacion_Esteban.MysqlCon.SEL_CUENTA_PEDIDOS_PENDIENTES(Int32& p_cantidad) in D:\Documents\Proyecto Douglas\Facturacion Esteban\Facturacion Esteban\Modulos\MysqlCon.vb:line 600



31/01/2020 20:24:46 [LERROR] MysqlCon.vb::600 - Error con excepción
	Unable to connect to any of the specified MySQL hosts.
	MySql.Data.MySqlClient.MySqlException (0x80004005): Unable to connect to any of the specified MySQL hosts.
   at MySql.Data.MySqlClient.NativeDriver.Open()
   at MySql.Data.MySqlClient.Driver.Open()
   at MySql.Data.MySqlClient.Driver.Create(MySqlConnectionStringBuilder settings)
   at MySql.Data.MySqlClient.MySqlPool.CreateNewPooledConnection()
   at MySql.Data.MySqlClient.MySqlPool.GetPooledConnection()
   at MySql.Data.MySqlClient.MySqlPool.TryToGetDriver()
   at MySql.Data.MySqlClient.MySqlPool.GetConnection()
   at MySql.Data.MySqlClient.MySqlConnection.Open()
   at Facturacion_Esteban.MysqlCon.SEL_CUENTA_PEDIDOS_PENDIENTES(Int32& p_cantidad) in D:\Documents\Proyecto Douglas\Facturacion Esteban\Facturacion Esteban\Modulos\MysqlCon.vb:line 600



31/01/2020 20:24:46 [LERROR] MysqlCon.vb::600 - Error con excepción
	Unable to connect to any of the specified MySQL hosts.
	MySql.Data.MySqlClient.MySqlException (0x80004005): Unable to connect to any of the specified MySQL hosts.
   at MySql.Data.MySqlClient.NativeDriver.Open()
   at MySql.Data.MySqlClient.Driver.Open()
   at MySql.Data.MySqlClient.Driver.Create(MySqlConnectionStringBuilder settings)
   at MySql.Data.MySqlClient.MySqlPool.CreateNewPooledConnection()
   at MySql.Data.MySqlClient.MySqlPool.GetPooledConnection()
   at MySql.Data.MySqlClient.MySqlPool.TryToGetDriver()
   at MySql.Data.MySqlClient.MySqlPool.GetConnection()
   at MySql.Data.MySqlClient.MySqlConnection.Open()
   at Facturacion_Esteban.MysqlCon.SEL_CUENTA_PEDIDOS_PENDIENTES(Int32& p_cantidad) in D:\Documents\Proyecto Douglas\Facturacion Esteban\Facturacion Esteban\Modulos\MysqlCon.vb:line 600



31/01/2020 20:24:47 [LERROR] MysqlCon.vb::600 - Error con excepción
	Unable to connect to any of the specified MySQL hosts.
	MySql.Data.MySqlClient.MySqlException (0x80004005): Unable to connect to any of the specified MySQL hosts.
   at MySql.Data.MySqlClient.NativeDriver.Open()
   at MySql.Data.MySqlClient.Driver.Open()
   at MySql.Data.MySqlClient.Driver.Create(MySqlConnectionStringBuilder settings)
   at MySql.Data.MySqlClient.MySqlPool.CreateNewPooledConnection()
   at MySql.Data.MySqlClient.MySqlPool.GetPooledConnection()
   at MySql.Data.MySqlClient.MySqlPool.TryToGetDriver()
   at MySql.Data.MySqlClient.MySqlPool.GetConnection()
   at MySql.Data.MySqlClient.MySqlConnection.Open()
   at Facturacion_Esteban.MysqlCon.SEL_CUENTA_PEDIDOS_PENDIENTES(Int32& p_cantidad) in D:\Documents\Proyecto Douglas\Facturacion Esteban\Facturacion Esteban\Modulos\MysqlCon.vb:line 600



31/01/2020 20:24:47 [LERROR] MysqlCon.vb::600 - Error con excepción
	Unable to connect to any of the specified MySQL hosts.
	MySql.Data.MySqlClient.MySqlException (0x80004005): Unable to connect to any of the specified MySQL hosts.
   at MySql.Data.MySqlClient.NativeDriver.Open()
   at MySql.Data.MySqlClient.Driver.Open()
   at MySql.Data.MySqlClient.Driver.Create(MySqlConnectionStringBuilder settings)
   at MySql.Data.MySqlClient.MySqlPool.CreateNewPooledConnection()
   at MySql.Data.MySqlClient.MySqlPool.GetPooledConnection()
   at MySql.Data.MySqlClient.MySqlPool.TryToGetDriver()
   at MySql.Data.MySqlClient.MySqlPool.GetConnection()
   at MySql.Data.MySqlClient.MySqlConnection.Open()
   at Facturacion_Esteban.MysqlCon.SEL_CUENTA_PEDIDOS_PENDIENTES(Int32& p_cantidad) in D:\Documents\Proyecto Douglas\Facturacion Esteban\Facturacion Esteban\Modulos\MysqlCon.vb:line 600



31/01/2020 20:24:49 [LERROR] MysqlCon.vb::600 - Error con excepción
	Unable to connect to any of the specified MySQL hosts.
	MySql.Data.MySqlClient.MySqlException (0x80004005): Unable to connect to any of the specified MySQL hosts.
   at MySql.Data.MySqlClient.NativeDriver.Open()
   at MySql.Data.MySqlClient.Driver.Open()
   at MySql.Data.MySqlClient.Driver.Create(MySqlConnectionStringBuilder settings)
   at MySql.Data.MySqlClient.MySqlPool.CreateNewPooledConnection()
   at MySql.Data.MySqlClient.MySqlPool.GetPooledConnection()
   at MySql.Data.MySqlClient.MySqlPool.TryToGetDriver()
   at MySql.Data.MySqlClient.MySqlPool.GetConnection()
   at MySql.Data.MySqlClient.MySqlConnection.Open()
   at Facturacion_Esteban.MysqlCon.SEL_CUENTA_PEDIDOS_PENDIENTES(Int32& p_cantidad) in D:\Documents\Proyecto Douglas\Facturacion Esteban\Facturacion Esteban\Modulos\MysqlCon.vb:line 600



31/01/2020 20:24:50 [LERROR] MysqlCon.vb::600 - Error con excepción
	Unable to connect to any of the specified MySQL hosts.
	MySql.Data.MySqlClient.MySqlException (0x80004005): Unable to connect to any of the specified MySQL hosts.
   at MySql.Data.MySqlClient.NativeDriver.Open()
   at MySql.Data.MySqlClient.Driver.Open()
   at MySql.Data.MySqlClient.Driver.Create(MySqlConnectionStringBuilder settings)
   at MySql.Data.MySqlClient.MySqlPool.CreateNewPooledConnection()
   at MySql.Data.MySqlClient.MySqlPool.GetPooledConnection()
   at MySql.Data.MySqlClient.MySqlPool.TryToGetDriver()
   at MySql.Data.MySqlClient.MySqlPool.GetConnection()
   at MySql.Data.MySqlClient.MySqlConnection.Open()
   at Facturacion_Esteban.MysqlCon.SEL_CUENTA_PEDIDOS_PENDIENTES(Int32& p_cantidad) in D:\Documents\Proyecto Douglas\Facturacion Esteban\Facturacion Esteban\Modulos\MysqlCon.vb:line 600



31/01/2020 20:24:51 [LERROR] MysqlCon.vb::600 - Error con excepción
	Unable to connect to any of the specified MySQL hosts.
	MySql.Data.MySqlClient.MySqlException (0x80004005): Unable to connect to any of the specified MySQL hosts.
   at MySql.Data.MySqlClient.NativeDriver.Open()
   at MySql.Data.MySqlClient.Driver.Open()
   at MySql.Data.MySqlClient.Driver.Create(MySqlConnectionStringBuilder settings)
   at MySql.Data.MySqlClient.MySqlPool.CreateNewPooledConnection()
   at MySql.Data.MySqlClient.MySqlPool.GetPooledConnection()
   at MySql.Data.MySqlClient.MySqlPool.TryToGetDriver()
   at MySql.Data.MySqlClient.MySqlPool.GetConnection()
   at MySql.Data.MySqlClient.MySqlConnection.Open()
   at Facturacion_Esteban.MysqlCon.SEL_CUENTA_PEDIDOS_PENDIENTES(Int32& p_cantidad) in D:\Documents\Proyecto Douglas\Facturacion Esteban\Facturacion Esteban\Modulos\MysqlCon.vb:line 600



31/01/2020 20:24:52 [LERROR] MysqlCon.vb::600 - Error con excepción
	Unable to connect to any of the specified MySQL hosts.
	MySql.Data.MySqlClient.MySqlException (0x80004005): Unable to connect to any of the specified MySQL hosts.
   at MySql.Data.MySqlClient.NativeDriver.Open()
   at MySql.Data.MySqlClient.Driver.Open()
   at MySql.Data.MySqlClient.Driver.Create(MySqlConnectionStringBuilder settings)
   at MySql.Data.MySqlClient.MySqlPool.CreateNewPooledConnection()
   at MySql.Data.MySqlClient.MySqlPool.GetPooledConnection()
   at MySql.Data.MySqlClient.MySqlPool.TryToGetDriver()
   at MySql.Data.MySqlClient.MySqlPool.GetConnection()
   at MySql.Data.MySqlClient.MySqlConnection.Open()
   at Facturacion_Esteban.MysqlCon.SEL_CUENTA_PEDIDOS_PENDIENTES(Int32& p_cantidad) in D:\Documents\Proyecto Douglas\Facturacion Esteban\Facturacion Esteban\Modulos\MysqlCon.vb:line 600



31/01/2020 20:25:12 [LERROR] MysqlCon.vb::2080 - Error con excepción
	Unable to connect to any of the specified MySQL hosts.
	MySql.Data.MySqlClient.MySqlException (0x80004005): Unable to connect to any of the specified MySQL hosts.
   at MySql.Data.MySqlClient.NativeDriver.Open()
   at MySql.Data.MySqlClient.Driver.Open()
   at MySql.Data.MySqlClient.Driver.Create(MySqlConnectionStringBuilder settings)
   at MySql.Data.MySqlClient.MySqlPool.CreateNewPooledConnection()
   at MySql.Data.MySqlClient.MySqlPool.GetPooledConnection()
   at MySql.Data.MySqlClient.MySqlPool.TryToGetDriver()
   at MySql.Data.MySqlClient.MySqlPool.GetConnection()
   at MySql.Data.MySqlClient.MySqlConnection.Open()
   at Facturacion_Esteban.MysqlCon.SEL_FACT_OPEN(DataGridView& p_facturas_abiertas) in D:\Documents\Proyecto Douglas\Facturacion Esteban\Facturacion Esteban\Modulos\MysqlCon.vb:line 2080
